[2016-08-02 12:49:56  loginpage]  INFO make user login 
[2016-08-02 12:49:56  loginpage]  INFO problem occured to find the vm  from server
[2016-08-09 06:44:48  loginpage]  INFO soundar user login 
[2016-08-09 06:44:51  loginpage]  INFO problem occured to find the vm  from server
[2016-08-09 06:46:08  loginpage]  INFO police2 user login 
[2016-08-09 06:46:08  loginpage]  INFO No allocated instances..! Please contact your Administrator..!
[2016-08-09 06:57:26  loginpage]  INFO soundar user login 
[2016-08-09 06:57:29  loginpage]  INFO problem occured to find the vm  from server
[2016-08-09 07:10:27  loginpage]  INFO soundar user login 
[2016-08-09 07:10:30  loginpage]  INFO problem occured to find the vm  from server
[2016-08-09 07:11:52  loginpage]  INFO soundar user login 
[2016-08-09 07:11:55  loginpage]  INFO problem occured to find the vm  from server
[2016-08-09 07:15:45  loginpage]  INFO soundar user login 
[2016-08-09 07:15:48  loginpage]  INFO problem occured to find the vm  from server
[2016-08-09 07:18:23  loginpage]  INFO soundar user login 
[2016-08-09 07:18:26  loginpage]  INFO problem occured to find the vm  from server
[2016-08-09 07:23:17  loginpage]  INFO soundar user login 
[2016-08-09 07:23:20  loginpage]  INFO problem occured to find the vm  from server
[2016-08-09 08:31:21  loginpage]  INFO soundar user login 
[2016-08-09 08:31:25  loginpage]  INFO problem occured to find the vm  from server
[2016-08-09 08:32:45  loginpage]  INFO police2 user login 
[2016-08-09 08:32:45  loginpage]  INFO No allocated instances..! Please contact your Administrator..!
